{"/Users/salmanahmadgill/SAAS-services/auth-service/src/db/prisma.js": {"path":"/Users/salmanahmadgill/SAAS-services/auth-service/src/db/prisma.js","statementMap":{"0":{"start":{"line":5,"column":0},"end":{"line":5,"column":16}},"1":{"start":{"line":7,"column":25},"end":{"line":7,"column":54}},"2":{"start":{"line":9,"column":16},"end":{"line":9,"column":50}},"3":{"start":{"line":11,"column":15},"end":{"line":19,"column":2}},"4":{"start":{"line":21,"column":0},"end":{"line":23,"column":3}},"5":{"start":{"line":22,"column":2},"end":{"line":22,"column":64}},"6":{"start":{"line":24,"column":0},"end":{"line":26,"column":3}},"7":{"start":{"line":25,"column":2},"end":{"line":25,"column":36}},"8":{"start":{"line":27,"column":0},"end":{"line":29,"column":3}},"9":{"start":{"line":28,"column":2},"end":{"line":28,"column":37}},"10":{"start":{"line":30,"column":0},"end":{"line":32,"column":3}},"11":{"start":{"line":31,"column":2},"end":{"line":31,"column":34}}},"fnMap":{"0":{"name":"(anonymous_0)","decl":{"start":{"line":21,"column":20},"end":{"line":21,"column":21}},"loc":{"start":{"line":21,"column":27},"end":{"line":23,"column":1}},"line":21},"1":{"name":"(anonymous_1)","decl":{"start":{"line":24,"column":20},"end":{"line":24,"column":21}},"loc":{"start":{"line":24,"column":27},"end":{"line":26,"column":1}},"line":24},"2":{"name":"(anonymous_2)","decl":{"start":{"line":27,"column":19},"end":{"line":27,"column":20}},"loc":{"start":{"line":27,"column":26},"end":{"line":29,"column":1}},"line":27},"3":{"name":"(anonymous_3)","decl":{"start":{"line":30,"column":19},"end":{"line":30,"column":20}},"loc":{"start":{"line":30,"column":26},"end":{"line":32,"column":1}},"line":30}},"branchMap":{},"s":{"0":3,"1":3,"2":3,"3":3,"4":3,"5":0,"6":3,"7":0,"8":3,"9":0,"10":3,"11":0},"f":{"0":0,"1":0,"2":0,"3":0},"b":{},"_coverageSchema":"1a1c01bbd47fc00a2c39e90264f33305004495a9","hash":"0d315e9f1118ae3c58d34211343e407cd7a2accc"}
,"/Users/salmanahmadgill/SAAS-services/auth-service/src/models/dao/auth.dao.js": {"path":"/Users/salmanahmadgill/SAAS-services/auth-service/src/models/dao/auth.dao.js","statementMap":{"0":{"start":{"line":5,"column":4},"end":{"line":5,"column":46}},"1":{"start":{"line":9,"column":4},"end":{"line":9,"column":56}},"2":{"start":{"line":13,"column":4},"end":{"line":13,"column":53}},"3":{"start":{"line":17,"column":4},"end":{"line":17,"column":63}},"4":{"start":{"line":23,"column":4},"end":{"line":23,"column":59}},"5":{"start":{"line":27,"column":4},"end":{"line":27,"column":64}},"6":{"start":{"line":31,"column":4},"end":{"line":31,"column":60}},"7":{"start":{"line":35,"column":4},"end":{"line":35,"column":64}}},"fnMap":{"0":{"name":"(anonymous_0)","decl":{"start":{"line":4,"column":2},"end":{"line":4,"column":3}},"loc":{"start":{"line":4,"column":32},"end":{"line":6,"column":3}},"line":4},"1":{"name":"(anonymous_1)","decl":{"start":{"line":8,"column":2},"end":{"line":8,"column":3}},"loc":{"start":{"line":8,"column":34},"end":{"line":10,"column":3}},"line":8},"2":{"name":"(anonymous_2)","decl":{"start":{"line":12,"column":2},"end":{"line":12,"column":3}},"loc":{"start":{"line":12,"column":28},"end":{"line":14,"column":3}},"line":12},"3":{"name":"(anonymous_3)","decl":{"start":{"line":16,"column":2},"end":{"line":16,"column":3}},"loc":{"start":{"line":16,"column":40},"end":{"line":18,"column":3}},"line":16},"4":{"name":"(anonymous_4)","decl":{"start":{"line":22,"column":2},"end":{"line":22,"column":3}},"loc":{"start":{"line":22,"column":33},"end":{"line":24,"column":3}},"line":22},"5":{"name":"(anonymous_5)","decl":{"start":{"line":26,"column":2},"end":{"line":26,"column":3}},"loc":{"start":{"line":26,"column":27},"end":{"line":28,"column":3}},"line":26},"6":{"name":"(anonymous_6)","decl":{"start":{"line":30,"column":2},"end":{"line":30,"column":3}},"loc":{"start":{"line":30,"column":29},"end":{"line":32,"column":3}},"line":30},"7":{"name":"(anonymous_7)","decl":{"start":{"line":34,"column":2},"end":{"line":34,"column":3}},"loc":{"start":{"line":34,"column":40},"end":{"line":36,"column":3}},"line":34}},"branchMap":{},"s":{"0":0,"1":0,"2":0,"3":0,"4":0,"5":0,"6":0,"7":0},"f":{"0":0,"1":0,"2":0,"3":0,"4":0,"5":0,"6":0,"7":0},"b":{},"_coverageSchema":"1a1c01bbd47fc00a2c39e90264f33305004495a9","hash":"40e5e4578c2ccf70ed2020b009b04a7273806e04"}
,"/Users/salmanahmadgill/SAAS-services/auth-service/src/models/dto/auth.dto.js": {"path":"/Users/salmanahmadgill/SAAS-services/auth-service/src/models/dto/auth.dto.js","statementMap":{"0":{"start":{"line":3,"column":4},"end":{"line":3,"column":23}},"1":{"start":{"line":4,"column":4},"end":{"line":4,"column":29}},"2":{"start":{"line":10,"column":4},"end":{"line":10,"column":23}},"3":{"start":{"line":11,"column":4},"end":{"line":11,"column":29}},"4":{"start":{"line":17,"column":4},"end":{"line":17,"column":23}}},"fnMap":{"0":{"name":"(anonymous_0)","decl":{"start":{"line":2,"column":2},"end":{"line":2,"column":3}},"loc":{"start":{"line":2,"column":35},"end":{"line":5,"column":3}},"line":2},"1":{"name":"(anonymous_1)","decl":{"start":{"line":9,"column":2},"end":{"line":9,"column":3}},"loc":{"start":{"line":9,"column":35},"end":{"line":12,"column":3}},"line":9},"2":{"name":"(anonymous_2)","decl":{"start":{"line":16,"column":2},"end":{"line":16,"column":3}},"loc":{"start":{"line":16,"column":25},"end":{"line":18,"column":3}},"line":16}},"branchMap":{},"s":{"0":1,"1":1,"2":3,"3":3,"4":3},"f":{"0":1,"1":3,"2":3},"b":{},"_coverageSchema":"1a1c01bbd47fc00a2c39e90264f33305004495a9","hash":"58f97f610d4df745e826c6dd15f1c4f99e6d7d31"}
,"/Users/salmanahmadgill/SAAS-services/auth-service/src/resolvers/auth.resolver.js": {"path":"/Users/salmanahmadgill/SAAS-services/auth-service/src/resolvers/auth.resolver.js","statementMap":{"0":{"start":{"line":4,"column":25},"end":{"line":38,"column":1}},"1":{"start":{"line":7,"column":6},"end":{"line":7,"column":31}},"2":{"start":{"line":7,"column":19},"end":{"line":7,"column":31}},"3":{"start":{"line":8,"column":6},"end":{"line":8,"column":38}},"4":{"start":{"line":14,"column":6},"end":{"line":14,"column":47}},"5":{"start":{"line":18,"column":21},"end":{"line":18,"column":65}},"6":{"start":{"line":19,"column":6},"end":{"line":19,"column":54}},"7":{"start":{"line":19,"column":24},"end":{"line":19,"column":54}},"8":{"start":{"line":20,"column":6},"end":{"line":20,"column":20}},"9":{"start":{"line":24,"column":21},"end":{"line":24,"column":62}},"10":{"start":{"line":25,"column":6},"end":{"line":25,"column":54}},"11":{"start":{"line":25,"column":24},"end":{"line":25,"column":54}},"12":{"start":{"line":26,"column":6},"end":{"line":26,"column":20}},"13":{"start":{"line":30,"column":6},"end":{"line":30,"column":45}},"14":{"start":{"line":31,"column":6},"end":{"line":31,"column":18}},"15":{"start":{"line":36,"column":31},"end":{"line":36,"column":66}}},"fnMap":{"0":{"name":"(anonymous_0)","decl":{"start":{"line":6,"column":8},"end":{"line":6,"column":9}},"loc":{"start":{"line":6,"column":37},"end":{"line":9,"column":5}},"line":6},"1":{"name":"(anonymous_1)","decl":{"start":{"line":13,"column":14},"end":{"line":13,"column":15}},"loc":{"start":{"line":13,"column":48},"end":{"line":15,"column":5}},"line":13},"2":{"name":"(anonymous_2)","decl":{"start":{"line":17,"column":11},"end":{"line":17,"column":12}},"loc":{"start":{"line":17,"column":45},"end":{"line":21,"column":5}},"line":17},"3":{"name":"(anonymous_3)","decl":{"start":{"line":23,"column":18},"end":{"line":23,"column":19}},"loc":{"start":{"line":23,"column":42},"end":{"line":27,"column":5}},"line":23},"4":{"name":"(anonymous_4)","decl":{"start":{"line":29,"column":12},"end":{"line":29,"column":13}},"loc":{"start":{"line":29,"column":36},"end":{"line":32,"column":5}},"line":29},"5":{"name":"(anonymous_5)","decl":{"start":{"line":36,"column":19},"end":{"line":36,"column":20}},"loc":{"start":{"line":36,"column":31},"end":{"line":36,"column":66}},"line":36}},"branchMap":{"0":{"loc":{"start":{"line":7,"column":6},"end":{"line":7,"column":31}},"type":"if","locations":[{"start":{"line":7,"column":6},"end":{"line":7,"column":31}},{"start":{},"end":{}}],"line":7},"1":{"loc":{"start":{"line":19,"column":6},"end":{"line":19,"column":54}},"type":"if","locations":[{"start":{"line":19,"column":6},"end":{"line":19,"column":54}},{"start":{},"end":{}}],"line":19},"2":{"loc":{"start":{"line":25,"column":6},"end":{"line":25,"column":54}},"type":"if","locations":[{"start":{"line":25,"column":6},"end":{"line":25,"column":54}},{"start":{},"end":{}}],"line":25}},"s":{"0":2,"1":5,"2":2,"3":3,"4":2,"5":2,"6":2,"7":0,"8":2,"9":2,"10":2,"11":0,"12":2,"13":0,"14":0,"15":0},"f":{"0":5,"1":2,"2":2,"3":2,"4":0,"5":0},"b":{"0":[2,3],"1":[0,2],"2":[0,2]},"_coverageSchema":"1a1c01bbd47fc00a2c39e90264f33305004495a9","hash":"f10ca3569eec79ce531f6b643ccf0b2ed1ac001c"}
,"/Users/salmanahmadgill/SAAS-services/auth-service/src/schema/auth.schema.js": {"path":"/Users/salmanahmadgill/SAAS-services/auth-service/src/schema/auth.schema.js","statementMap":{"0":{"start":{"line":3,"column":17},"end":{"line":34,"column":1}}},"fnMap":{},"branchMap":{},"s":{"0":2},"f":{},"b":{},"_coverageSchema":"1a1c01bbd47fc00a2c39e90264f33305004495a9","hash":"a81aafa0621eef6cab0c6380217983d4ff89604f"}
,"/Users/salmanahmadgill/SAAS-services/auth-service/src/service/auth.service.js": {"path":"/Users/salmanahmadgill/SAAS-services/auth-service/src/service/auth.service.js","statementMap":{"0":{"start":{"line":8,"column":28},"end":{"line":8,"column":129}},"1":{"start":{"line":9,"column":28},"end":{"line":9,"column":125}},"2":{"start":{"line":10,"column":29},"end":{"line":10,"column":143}},"3":{"start":{"line":12,"column":28},"end":{"line":12,"column":126}},"4":{"start":{"line":13,"column":35},"end":{"line":13,"column":148}},"5":{"start":{"line":14,"column":36},"end":{"line":14,"column":166}},"6":{"start":{"line":16,"column":25},"end":{"line":16,"column":28}},"7":{"start":{"line":18,"column":21},"end":{"line":44,"column":1}},"8":{"start":{"line":19,"column":14},"end":{"line":19,"column":47}},"9":{"start":{"line":21,"column":15},"end":{"line":21,"column":51}},"10":{"start":{"line":22,"column":2},"end":{"line":25,"column":3}},"11":{"start":{"line":23,"column":4},"end":{"line":23,"column":30}},"12":{"start":{"line":24,"column":4},"end":{"line":24,"column":51}},"13":{"start":{"line":27,"column":16},"end":{"line":27,"column":65}},"14":{"start":{"line":28,"column":2},"end":{"line":31,"column":3}},"15":{"start":{"line":29,"column":4},"end":{"line":29,"column":30}},"16":{"start":{"line":30,"column":4},"end":{"line":30,"column":51}},"17":{"start":{"line":33,"column":22},"end":{"line":33,"column":116}},"18":{"start":{"line":34,"column":23},"end":{"line":34,"column":126}},"19":{"start":{"line":36,"column":2},"end":{"line":40,"column":5}},"20":{"start":{"line":42,"column":2},"end":{"line":42,"column":28}},"21":{"start":{"line":43,"column":2},"end":{"line":43,"column":45}},"22":{"start":{"line":46,"column":28},"end":{"line":76,"column":1}},"23":{"start":{"line":47,"column":14},"end":{"line":47,"column":44}},"24":{"start":{"line":48,"column":2},"end":{"line":48,"column":28}},"25":{"start":{"line":51,"column":2},"end":{"line":56,"column":3}},"26":{"start":{"line":52,"column":4},"end":{"line":52,"column":64}},"27":{"start":{"line":54,"column":4},"end":{"line":54,"column":37}},"28":{"start":{"line":55,"column":4},"end":{"line":55,"column":45}},"29":{"start":{"line":58,"column":22},"end":{"line":58,"column":59}},"30":{"start":{"line":59,"column":2},"end":{"line":62,"column":3}},"31":{"start":{"line":60,"column":4},"end":{"line":60,"column":37}},"32":{"start":{"line":61,"column":4},"end":{"line":61,"column":45}},"33":{"start":{"line":64,"column":22},"end":{"line":64,"column":123}},"34":{"start":{"line":65,"column":23},"end":{"line":65,"column":133}},"35":{"start":{"line":67,"column":2},"end":{"line":67,"column":42}},"36":{"start":{"line":68,"column":2},"end":{"line":72,"column":5}},"37":{"start":{"line":74,"column":15},"end":{"line":74,"column":53}},"38":{"start":{"line":75,"column":2},"end":{"line":75,"column":45}},"39":{"start":{"line":78,"column":28},"end":{"line":86,"column":2}},"40":{"start":{"line":83,"column":4},"end":{"line":83,"column":31}},"41":{"start":{"line":84,"column":4},"end":{"line":84,"column":122}},"42":{"start":{"line":88,"column":35},"end":{"line":96,"column":2}},"43":{"start":{"line":93,"column":4},"end":{"line":93,"column":38}},"44":{"start":{"line":94,"column":4},"end":{"line":94,"column":121}},"45":{"start":{"line":98,"column":28},"end":{"line":102,"column":1}},"46":{"start":{"line":99,"column":14},"end":{"line":99,"column":52}},"47":{"start":{"line":100,"column":17},"end":{"line":100,"column":52}},"48":{"start":{"line":101,"column":2},"end":{"line":101,"column":68}}},"fnMap":{"0":{"name":"(anonymous_0)","decl":{"start":{"line":18,"column":21},"end":{"line":18,"column":22}},"loc":{"start":{"line":18,"column":52},"end":{"line":44,"column":1}},"line":18},"1":{"name":"(anonymous_1)","decl":{"start":{"line":46,"column":28},"end":{"line":46,"column":29}},"loc":{"start":{"line":46,"column":49},"end":{"line":76,"column":1}},"line":46},"2":{"name":"(anonymous_2)","decl":{"start":{"line":82,"column":12},"end":{"line":82,"column":13}},"loc":{"start":{"line":82,"column":18},"end":{"line":85,"column":3}},"line":82},"3":{"name":"(anonymous_3)","decl":{"start":{"line":92,"column":12},"end":{"line":92,"column":13}},"loc":{"start":{"line":92,"column":18},"end":{"line":95,"column":3}},"line":92},"4":{"name":"(anonymous_4)","decl":{"start":{"line":98,"column":28},"end":{"line":98,"column":29}},"loc":{"start":{"line":98,"column":59},"end":{"line":102,"column":1}},"line":98}},"branchMap":{"0":{"loc":{"start":{"line":22,"column":2},"end":{"line":25,"column":3}},"type":"if","locations":[{"start":{"line":22,"column":2},"end":{"line":25,"column":3}},{"start":{},"end":{}}],"line":22},"1":{"loc":{"start":{"line":28,"column":2},"end":{"line":31,"column":3}},"type":"if","locations":[{"start":{"line":28,"column":2},"end":{"line":31,"column":3}},{"start":{},"end":{}}],"line":28},"2":{"loc":{"start":{"line":59,"column":2},"end":{"line":62,"column":3}},"type":"if","locations":[{"start":{"line":59,"column":2},"end":{"line":62,"column":3}},{"start":{},"end":{}}],"line":59}},"s":{"0":3,"1":3,"2":3,"3":3,"4":3,"5":3,"6":3,"7":3,"8":3,"9":3,"10":3,"11":1,"12":1,"13":2,"14":2,"15":1,"16":1,"17":1,"18":1,"19":1,"20":1,"21":1,"22":3,"23":3,"24":3,"25":3,"26":3,"27":1,"28":1,"29":2,"30":2,"31":1,"32":1,"33":1,"34":1,"35":1,"36":1,"37":1,"38":1,"39":3,"40":2,"41":2,"42":3,"43":2,"44":2,"45":3,"46":1,"47":1,"48":1},"f":{"0":3,"1":3,"2":2,"3":2,"4":1},"b":{"0":[1,2],"1":[1,1],"2":[1,1]},"_coverageSchema":"1a1c01bbd47fc00a2c39e90264f33305004495a9","hash":"c962f972452ee789887d2d7608b62048153fc3f8"}
,"/Users/salmanahmadgill/SAAS-services/auth-service/src/service/circuitBreaker.js": {"path":"/Users/salmanahmadgill/SAAS-services/auth-service/src/service/circuitBreaker.js","statementMap":{"0":{"start":{"line":4,"column":25},"end":{"line":8,"column":3}},"1":{"start":{"line":10,"column":42},"end":{"line":10,"column":49}},"2":{"start":{"line":11,"column":18},"end":{"line":11,"column":82}},"3":{"start":{"line":13,"column":2},"end":{"line":15,"column":3}},"4":{"start":{"line":14,"column":4},"end":{"line":14,"column":31}},"5":{"start":{"line":17,"column":2},"end":{"line":17,"column":68}},"6":{"start":{"line":17,"column":27},"end":{"line":17,"column":66}},"7":{"start":{"line":18,"column":2},"end":{"line":18,"column":93}},"8":{"start":{"line":18,"column":31},"end":{"line":18,"column":91}},"9":{"start":{"line":19,"column":2},"end":{"line":19,"column":91}},"10":{"start":{"line":19,"column":28},"end":{"line":19,"column":89}},"11":{"start":{"line":21,"column":2},"end":{"line":21,"column":17}}},"fnMap":{"0":{"name":"createBreaker","decl":{"start":{"line":3,"column":16},"end":{"line":3,"column":29}},"loc":{"start":{"line":3,"column":48},"end":{"line":22,"column":1}},"line":3},"1":{"name":"(anonymous_1)","decl":{"start":{"line":17,"column":21},"end":{"line":17,"column":22}},"loc":{"start":{"line":17,"column":27},"end":{"line":17,"column":66}},"line":17},"2":{"name":"(anonymous_2)","decl":{"start":{"line":18,"column":25},"end":{"line":18,"column":26}},"loc":{"start":{"line":18,"column":31},"end":{"line":18,"column":91}},"line":18},"3":{"name":"(anonymous_3)","decl":{"start":{"line":19,"column":22},"end":{"line":19,"column":23}},"loc":{"start":{"line":19,"column":28},"end":{"line":19,"column":89}},"line":19}},"branchMap":{"0":{"loc":{"start":{"line":3,"column":34},"end":{"line":3,"column":46}},"type":"default-arg","locations":[{"start":{"line":3,"column":44},"end":{"line":3,"column":46}}],"line":3},"1":{"loc":{"start":{"line":13,"column":2},"end":{"line":15,"column":3}},"type":"if","locations":[{"start":{"line":13,"column":2},"end":{"line":15,"column":3}},{"start":{},"end":{}}],"line":13}},"s":{"0":6,"1":6,"2":6,"3":6,"4":6,"5":6,"6":2,"7":6,"8":0,"9":6,"10":0,"11":6},"f":{"0":6,"1":2,"2":0,"3":0},"b":{"0":[0],"1":[6,0]},"_coverageSchema":"1a1c01bbd47fc00a2c39e90264f33305004495a9","hash":"c71e9824384bc16a3ac3623b4ba13e0109090812"}
}
