TN:
SF:src/db/prisma.js
FN:21,(anonymous_0)
FN:24,(anonymous_1)
FN:27,(anonymous_2)
FN:30,(anonymous_3)
FNF:4
FNH:0
FNDA:0,(anonymous_0)
FNDA:0,(anonymous_1)
FNDA:0,(anonymous_2)
FNDA:0,(anonymous_3)
DA:5,3
DA:7,3
DA:9,3
DA:11,3
DA:21,3
DA:22,0
DA:24,3
DA:25,0
DA:27,3
DA:28,0
DA:30,3
DA:31,0
LF:12
LH:8
BRF:0
BRH:0
end_of_record
TN:
SF:src/models/dao/auth.dao.js
FN:4,(anonymous_0)
FN:8,(anonymous_1)
FN:12,(anonymous_2)
FN:16,(anonymous_3)
FN:22,(anonymous_4)
FN:26,(anonymous_5)
FN:30,(anonymous_6)
FN:34,(anonymous_7)
FNF:8
FNH:0
FNDA:0,(anonymous_0)
FNDA:0,(anonymous_1)
FNDA:0,(anonymous_2)
FNDA:0,(anonymous_3)
FNDA:0,(anonymous_4)
FNDA:0,(anonymous_5)
FNDA:0,(anonymous_6)
FNDA:0,(anonymous_7)
DA:5,0
DA:9,0
DA:13,0
DA:17,0
DA:23,0
DA:27,0
DA:31,0
DA:35,0
LF:8
LH:0
BRF:0
BRH:0
end_of_record
TN:
SF:src/models/dto/auth.dto.js
FN:2,(anonymous_0)
FN:9,(anonymous_1)
FN:16,(anonymous_2)
FNF:3
FNH:3
FNDA:1,(anonymous_0)
FNDA:3,(anonymous_1)
FNDA:3,(anonymous_2)
DA:3,1
DA:4,1
DA:10,3
DA:11,3
DA:17,3
LF:5
LH:5
BRF:0
BRH:0
end_of_record
TN:
SF:src/resolvers/auth.resolver.js
FN:6,(anonymous_0)
FN:13,(anonymous_1)
FN:17,(anonymous_2)
FN:23,(anonymous_3)
FN:29,(anonymous_4)
FN:36,(anonymous_5)
FNF:6
FNH:4
FNDA:5,(anonymous_0)
FNDA:2,(anonymous_1)
FNDA:2,(anonymous_2)
FNDA:2,(anonymous_3)
FNDA:0,(anonymous_4)
FNDA:0,(anonymous_5)
DA:4,2
DA:7,5
DA:8,3
DA:14,2
DA:18,2
DA:19,2
DA:20,2
DA:24,2
DA:25,2
DA:26,2
DA:30,0
DA:31,0
DA:36,0
LF:13
LH:10
BRDA:7,0,0,2
BRDA:7,0,1,3
BRDA:19,1,0,0
BRDA:19,1,1,2
BRDA:25,2,0,0
BRDA:25,2,1,2
BRF:6
BRH:4
end_of_record
TN:
SF:src/schema/auth.schema.js
FNF:0
FNH:0
DA:3,2
LF:1
LH:1
BRF:0
BRH:0
end_of_record
TN:
SF:src/service/auth.service.js
FN:18,(anonymous_0)
FN:46,(anonymous_1)
FN:82,(anonymous_2)
FN:92,(anonymous_3)
FN:98,(anonymous_4)
FNF:5
FNH:5
FNDA:3,(anonymous_0)
FNDA:3,(anonymous_1)
FNDA:2,(anonymous_2)
FNDA:2,(anonymous_3)
FNDA:1,(anonymous_4)
DA:8,3
DA:9,3
DA:10,3
DA:12,3
DA:13,3
DA:14,3
DA:16,3
DA:18,3
DA:19,3
DA:21,3
DA:22,3
DA:23,1
DA:24,1
DA:27,2
DA:28,2
DA:29,1
DA:30,1
DA:33,1
DA:34,1
DA:36,1
DA:42,1
DA:43,1
DA:46,3
DA:47,3
DA:48,3
DA:51,3
DA:52,3
DA:54,1
DA:55,1
DA:58,2
DA:59,2
DA:60,1
DA:61,1
DA:64,1
DA:65,1
DA:67,1
DA:68,1
DA:74,1
DA:75,1
DA:78,3
DA:83,2
DA:84,2
DA:88,3
DA:93,2
DA:94,2
DA:98,3
DA:99,1
DA:100,1
DA:101,1
LF:49
LH:49
BRDA:22,0,0,1
BRDA:22,0,1,2
BRDA:28,1,0,1
BRDA:28,1,1,1
BRDA:59,2,0,1
BRDA:59,2,1,1
BRF:6
BRH:6
end_of_record
TN:
SF:src/service/circuitBreaker.js
FN:3,createBreaker
FN:17,(anonymous_1)
FN:18,(anonymous_2)
FN:19,(anonymous_3)
FNF:4
FNH:2
FNDA:6,createBreaker
FNDA:2,(anonymous_1)
FNDA:0,(anonymous_2)
FNDA:0,(anonymous_3)
DA:4,6
DA:10,6
DA:11,6
DA:13,6
DA:14,6
DA:17,6
DA:18,6
DA:19,6
DA:21,6
LF:9
LH:9
BRDA:3,0,0,0
BRDA:13,1,0,6
BRDA:13,1,1,0
BRF:3
BRH:1
end_of_record
